Generated at 2015-12-30 17:08:29 +0100
Chef::Exceptions::CookbookNotFound: Cookbook ispconfig3 not found. If you're loading ispconfig3 from another cookbook, make sure you configure the dependency in your metadata
/opt/chef/embedded/lib/ruby/gems/2.1.0/gems/chef-12.6.0/lib/chef/cookbook/cookbook_collection.rb:38:in `block in initialize'
/opt/chef/embedded/lib/ruby/gems/2.1.0/gems/ohai-8.8.1/lib/ohai/mash.rb:77:in `yield'
/opt/chef/embedded/lib/ruby/gems/2.1.0/gems/ohai-8.8.1/lib/ohai/mash.rb:77:in `default'
/opt/chef/embedded/lib/ruby/gems/2.1.0/gems/ohai-8.8.1/lib/ohai/mash.rb:77:in `default'
/opt/chef/embedded/lib/ruby/gems/2.1.0/gems/chef-12.6.0/lib/chef/run_context/cookbook_compiler.rb:277:in `[]'
/opt/chef/embedded/lib/ruby/gems/2.1.0/gems/chef-12.6.0/lib/chef/run_context/cookbook_compiler.rb:277:in `each_cookbook_dep'
/opt/chef/embedded/lib/ruby/gems/2.1.0/gems/chef-12.6.0/lib/chef/run_context/cookbook_compiler.rb:255:in `add_cookbook_with_deps'
/opt/chef/embedded/lib/ruby/gems/2.1.0/gems/chef-12.6.0/lib/chef/run_context/cookbook_compiler.rb:88:in `block in cookbook_order'
/opt/chef/embedded/lib/ruby/gems/2.1.0/gems/chef-12.6.0/lib/chef/run_context/cookbook_compiler.rb:86:in `each'
/opt/chef/embedded/lib/ruby/gems/2.1.0/gems/chef-12.6.0/lib/chef/run_context/cookbook_compiler.rb:86:in `cookbook_order'
/opt/chef/embedded/lib/ruby/gems/2.1.0/gems/chef-12.6.0/lib/chef/run_context/cookbook_compiler.rb:98:in `compile_libraries'
/opt/chef/embedded/lib/ruby/gems/2.1.0/gems/chef-12.6.0/lib/chef/run_context/cookbook_compiler.rb:71:in `compile'
/opt/chef/embedded/lib/ruby/gems/2.1.0/gems/chef-12.6.0/lib/chef/run_context.rb:167:in `load'
/opt/chef/embedded/lib/ruby/gems/2.1.0/gems/chef-12.6.0/lib/chef/policy_builder/expand_node_object.rb:93:in `setup_run_context'
/opt/chef/embedded/lib/ruby/gems/2.1.0/gems/chef-12.6.0/lib/chef/client.rb:490:in `setup_run_context'
/opt/chef/embedded/lib/ruby/gems/2.1.0/gems/chef-12.6.0/lib/chef/client.rb:268:in `run'
/opt/chef/embedded/lib/ruby/gems/2.1.0/gems/chef-12.6.0/lib/chef/application.rb:261:in `block in fork_chef_client'
/opt/chef/embedded/lib/ruby/gems/2.1.0/gems/chef-12.6.0/lib/chef/application.rb:249:in `fork'
/opt/chef/embedded/lib/ruby/gems/2.1.0/gems/chef-12.6.0/lib/chef/application.rb:249:in `fork_chef_client'
/opt/chef/embedded/lib/ruby/gems/2.1.0/gems/chef-12.6.0/lib/chef/application.rb:215:in `block in run_chef_client'
/opt/chef/embedded/lib/ruby/gems/2.1.0/gems/chef-12.6.0/lib/chef/local_mode.rb:44:in `with_server_connectivity'
/opt/chef/embedded/lib/ruby/gems/2.1.0/gems/chef-12.6.0/lib/chef/application.rb:203:in `run_chef_client'
/opt/chef/embedded/lib/ruby/gems/2.1.0/gems/chef-12.6.0/lib/chef/application/solo.rb:286:in `block in interval_run_chef_client'
/opt/chef/embedded/lib/ruby/gems/2.1.0/gems/chef-12.6.0/lib/chef/application/solo.rb:275:in `loop'
/opt/chef/embedded/lib/ruby/gems/2.1.0/gems/chef-12.6.0/lib/chef/application/solo.rb:275:in `interval_run_chef_client'
/opt/chef/embedded/lib/ruby/gems/2.1.0/gems/chef-12.6.0/lib/chef/application/solo.rb:253:in `run_application'
/opt/chef/embedded/lib/ruby/gems/2.1.0/gems/chef-12.6.0/lib/chef/application.rb:58:in `run'
/opt/chef/embedded/lib/ruby/gems/2.1.0/gems/chef-12.6.0/bin/chef-solo:25:in `<top (required)>'
/usr/bin/chef-solo:54:in `load'
/usr/bin/chef-solo:54:in `<main>'