Generated at 2015-12-30 14:25:16 +0100
Net::HTTPServerException: remote_file[/root/ps/chef-perfectserver/phpMyAdmin-4.0.8-all-languages.tar.gz] (phpmyadmin::default line 65) had an error: Net::HTTPServerException: 404 "Not Found"
/opt/chef/embedded/lib/ruby/2.1.0/net/http/response.rb:119:in `error!'
/opt/chef/embedded/lib/ruby/gems/2.1.0/gems/chef-12.6.0/lib/chef/http.rb:180:in `streaming_request'
/opt/chef/embedded/lib/ruby/gems/2.1.0/gems/chef-12.6.0/lib/chef/provider/remote_file/http.rb:60:in `fetch'
/opt/chef/embedded/lib/ruby/gems/2.1.0/gems/chef-12.6.0/lib/chef/provider/remote_file/content.rb:71:in `grab_file_from_uri'
/opt/chef/embedded/lib/ruby/gems/2.1.0/gems/chef-12.6.0/lib/chef/provider/remote_file/content.rb:56:in `try_multiple_sources'
/opt/chef/embedded/lib/ruby/gems/2.1.0/gems/chef-12.6.0/lib/chef/provider/remote_file/content.rb:41:in `file_for_provider'
/opt/chef/embedded/lib/ruby/gems/2.1.0/gems/chef-12.6.0/lib/chef/file_content_management/content_base.rb:40:in `tempfile'
/opt/chef/embedded/lib/ruby/gems/2.1.0/gems/chef-12.6.0/lib/chef/provider/file.rb:462:in `tempfile'
/opt/chef/embedded/lib/ruby/gems/2.1.0/gems/chef-12.6.0/lib/chef/provider/file.rb:339:in `do_generate_content'
/opt/chef/embedded/lib/ruby/gems/2.1.0/gems/chef-12.6.0/lib/chef/provider/file.rb:150:in `action_create'
/opt/chef/embedded/lib/ruby/gems/2.1.0/gems/chef-12.6.0/lib/chef/provider/file.rb:162:in `action_create_if_missing'
/opt/chef/embedded/lib/ruby/gems/2.1.0/gems/chef-12.6.0/lib/chef/provider.rb:144:in `run_action'
/opt/chef/embedded/lib/ruby/gems/2.1.0/gems/chef-12.6.0/lib/chef/resource.rb:596:in `run_action'
/opt/chef/embedded/lib/ruby/gems/2.1.0/gems/chef-12.6.0/lib/chef/runner.rb:74:in `run_action'
/opt/chef/embedded/lib/ruby/gems/2.1.0/gems/chef-12.6.0/lib/chef/runner.rb:106:in `block (2 levels) in converge'
/opt/chef/embedded/lib/ruby/gems/2.1.0/gems/chef-12.6.0/lib/chef/runner.rb:106:in `each'
/opt/chef/embedded/lib/ruby/gems/2.1.0/gems/chef-12.6.0/lib/chef/runner.rb:106:in `block in converge'
/opt/chef/embedded/lib/ruby/gems/2.1.0/gems/chef-12.6.0/lib/chef/resource_collection/resource_list.rb:83:in `block in execute_each_resource'
/opt/chef/embedded/lib/ruby/gems/2.1.0/gems/chef-12.6.0/lib/chef/resource_collection/stepable_iterator.rb:116:in `call'
/opt/chef/embedded/lib/ruby/gems/2.1.0/gems/chef-12.6.0/lib/chef/resource_collection/stepable_iterator.rb:116:in `call_iterator_block'
/opt/chef/embedded/lib/ruby/gems/2.1.0/gems/chef-12.6.0/lib/chef/resource_collection/stepable_iterator.rb:85:in `step'
/opt/chef/embedded/lib/ruby/gems/2.1.0/gems/chef-12.6.0/lib/chef/resource_collection/stepable_iterator.rb:104:in `iterate'
/opt/chef/embedded/lib/ruby/gems/2.1.0/gems/chef-12.6.0/lib/chef/resource_collection/stepable_iterator.rb:55:in `each_with_index'
/opt/chef/embedded/lib/ruby/gems/2.1.0/gems/chef-12.6.0/lib/chef/resource_collection/resource_list.rb:81:in `execute_each_resource'
/opt/chef/embedded/lib/ruby/gems/2.1.0/gems/chef-12.6.0/lib/chef/runner.rb:105:in `converge'
/opt/chef/embedded/lib/ruby/gems/2.1.0/gems/chef-12.6.0/lib/chef/client.rb:658:in `block in converge'
/opt/chef/embedded/lib/ruby/gems/2.1.0/gems/chef-12.6.0/lib/chef/client.rb:653:in `catch'
/opt/chef/embedded/lib/ruby/gems/2.1.0/gems/chef-12.6.0/lib/chef/client.rb:653:in `converge'
/opt/chef/embedded/lib/ruby/gems/2.1.0/gems/chef-12.6.0/lib/chef/client.rb:692:in `converge_and_save'
/opt/chef/embedded/lib/ruby/gems/2.1.0/gems/chef-12.6.0/lib/chef/client.rb:271:in `run'
/opt/chef/embedded/lib/ruby/gems/2.1.0/gems/chef-12.6.0/lib/chef/application.rb:261:in `block in fork_chef_client'
/opt/chef/embedded/lib/ruby/gems/2.1.0/gems/chef-12.6.0/lib/chef/application.rb:249:in `fork'
/opt/chef/embedded/lib/ruby/gems/2.1.0/gems/chef-12.6.0/lib/chef/application.rb:249:in `fork_chef_client'
/opt/chef/embedded/lib/ruby/gems/2.1.0/gems/chef-12.6.0/lib/chef/application.rb:215:in `block in run_chef_client'
/opt/chef/embedded/lib/ruby/gems/2.1.0/gems/chef-12.6.0/lib/chef/local_mode.rb:44:in `with_server_connectivity'
/opt/chef/embedded/lib/ruby/gems/2.1.0/gems/chef-12.6.0/lib/chef/application.rb:203:in `run_chef_client'
/opt/chef/embedded/lib/ruby/gems/2.1.0/gems/chef-12.6.0/lib/chef/application/solo.rb:286:in `block in interval_run_chef_client'
/opt/chef/embedded/lib/ruby/gems/2.1.0/gems/chef-12.6.0/lib/chef/application/solo.rb:275:in `loop'
/opt/chef/embedded/lib/ruby/gems/2.1.0/gems/chef-12.6.0/lib/chef/application/solo.rb:275:in `interval_run_chef_client'
/opt/chef/embedded/lib/ruby/gems/2.1.0/gems/chef-12.6.0/lib/chef/application/solo.rb:253:in `run_application'
/opt/chef/embedded/lib/ruby/gems/2.1.0/gems/chef-12.6.0/lib/chef/application.rb:58:in `run'
/opt/chef/embedded/lib/ruby/gems/2.1.0/gems/chef-12.6.0/bin/chef-solo:25:in `<top (required)>'
/usr/bin/chef-solo:54:in `load'
/usr/bin/chef-solo:54:in `<main>'